E:\VS2019\MSBuild\Microsoft\VC\v160\Microsoft.CppBuild.targets(513,5): warning MSB8028: 中间目录(x64\Debug\)包含从另一个项目(i3d.vcxproj)共享的文件。   这会导致错误的清除和重新生成行为。
  feather.cpp
G:\项目\MSC project\项目\feather_proj\src\feather.cpp(57,29): warning C4305: “参数”: 从“double”到“GLfloat”截断
G:\项目\MSC project\项目\feather_proj\src\feather.cpp(60,24): warning C4305: “参数”: 从“double”到“GLfloat”截断
G:\项目\MSC project\项目\feather_proj\src\feather.cpp(66,30): warning C4305: “参数”: 从“double”到“GLfloat”截断
G:\项目\MSC project\项目\feather_proj\src\feather.cpp(70,25): warning C4305: “参数”: 从“double”到“GLfloat”截断
G:\项目\MSC project\项目\feather_proj\src\feather.cpp(77,30): warning C4305: “参数”: 从“double”到“GLfloat”截断
G:\项目\MSC project\项目\feather_proj\src\feather.cpp(81,24): warning C4305: “参数”: 从“double”到“GLfloat”截断
G:\项目\MSC project\项目\feather_proj\src\feather.cpp(88,30): warning C4305: “参数”: 从“double”到“GLfloat”截断
G:\项目\MSC project\项目\feather_proj\src\feather.cpp(99,30): warning C4305: “参数”: 从“double”到“GLfloat”截断
G:\项目\MSC project\项目\feather_proj\src\feather.cpp(103,24): warning C4305: “参数”: 从“double”到“GLfloat”截断
G:\项目\MSC project\项目\feather_proj\src\feather.cpp(110,30): warning C4305: “参数”: 从“double”到“GLfloat”截断
G:\项目\MSC project\项目\feather_proj\src\feather.cpp(114,25): warning C4305: “参数”: 从“double”到“GLfloat”截断
G:\项目\MSC project\项目\feather_proj\src\feather.cpp(121,30): warning C4305: “参数”: 从“double”到“GLfloat”截断
G:\项目\MSC project\项目\feather_proj\src\feather.cpp(125,24): warning C4305: “参数”: 从“double”到“GLfloat”截断
G:\项目\MSC project\项目\feather_proj\src\feather.cpp(132,30): warning C4305: “参数”: 从“double”到“GLfloat”截断
G:\项目\MSC project\项目\feather_proj\src\feather.cpp(143,30): warning C4305: “参数”: 从“double”到“GLfloat”截断
G:\项目\MSC project\项目\feather_proj\src\feather.cpp(147,24): warning C4305: “参数”: 从“double”到“GLfloat”截断
G:\项目\MSC project\项目\feather_proj\src\feather.cpp(154,30): warning C4305: “参数”: 从“double”到“GLfloat”截断
G:\项目\MSC project\项目\feather_proj\src\feather.cpp(158,25): warning C4305: “参数”: 从“double”到“GLfloat”截断
G:\项目\MSC project\项目\feather_proj\src\feather.cpp(165,30): warning C4305: “参数”: 从“double”到“GLfloat”截断
G:\项目\MSC project\项目\feather_proj\src\feather.cpp(169,25): warning C4305: “参数”: 从“double”到“GLfloat”截断
G:\项目\MSC project\项目\feather_proj\src\feather.cpp(176,30): warning C4305: “参数”: 从“double”到“GLfloat”截断
G:\项目\MSC project\项目\feather_proj\src\feather.cpp(180,25): warning C4305: “参数”: 从“double”到“GLfloat”截断
G:\项目\MSC project\项目\feather_proj\src\feather.cpp(187,29): warning C4305: “参数”: 从“double”到“GLfloat”截断
G:\项目\MSC project\项目\feather_proj\src\feather.cpp(191,25): warning C4305: “参数”: 从“double”到“GLfloat”截断
G:\项目\MSC project\项目\feather_proj\src\feather.cpp(198,29): warning C4305: “参数”: 从“double”到“GLfloat”截断
G:\项目\MSC project\项目\feather_proj\src\feather.cpp(202,25): warning C4305: “参数”: 从“double”到“GLfloat”截断
G:\项目\MSC project\项目\feather_proj\src\feather.cpp(209,29): warning C4305: “参数”: 从“double”到“GLfloat”截断
G:\项目\MSC project\项目\feather_proj\src\feather.cpp(213,25): warning C4305: “参数”: 从“double”到“GLfloat”截断
G:\项目\MSC project\项目\feather_proj\src\feather.cpp(220,30): warning C4305: “参数”: 从“double”到“GLfloat”截断
G:\项目\MSC project\项目\feather_proj\src\feather.cpp(224,26): warning C4305: “参数”: 从“double”到“GLfloat”截断
G:\项目\MSC project\项目\feather_proj\src\feather.cpp(243,25): warning C4305: “参数”: 从“double”到“GLfloat”截断
G:\项目\MSC project\项目\feather_proj\src\feather.cpp(250,29): warning C4305: “参数”: 从“double”到“GLfloat”截断
G:\项目\MSC project\项目\feather_proj\src\feather.cpp(254,24): warning C4305: “参数”: 从“double”到“GLfloat”截断
G:\项目\MSC project\项目\feather_proj\src\feather.cpp(261,29): warning C4305: “参数”: 从“double”到“GLfloat”截断
G:\项目\MSC project\项目\feather_proj\src\feather.cpp(265,25): warning C4305: “参数”: 从“double”到“GLfloat”截断
G:\项目\MSC project\项目\feather_proj\src\feather.cpp(272,29): warning C4305: “参数”: 从“double”到“GLfloat”截断
G:\项目\MSC project\项目\feather_proj\src\feather.cpp(276,25): warning C4305: “参数”: 从“double”到“GLfloat”截断
G:\项目\MSC project\项目\feather_proj\src\feather.cpp(283,29): warning C4305: “参数”: 从“double”到“GLfloat”截断
G:\项目\MSC project\项目\feather_proj\src\feather.cpp(287,26): warning C4305: “参数”: 从“double”到“GLfloat”截断
G:\项目\MSC project\项目\feather_proj\src\feather.cpp(294,30): warning C4305: “参数”: 从“double”到“GLfloat”截断
G:\项目\MSC project\项目\feather_proj\src\feather.cpp(298,26): warning C4305: “参数”: 从“double”到“GLfloat”截断
G:\项目\MSC project\项目\feather_proj\src\feather.cpp(305,30): warning C4305: “参数”: 从“double”到“GLfloat”截断
G:\项目\MSC project\项目\feather_proj\src\feather.cpp(309,26): warning C4305: “参数”: 从“double”到“GLfloat”截断
G:\项目\MSC project\项目\feather_proj\src\feather.cpp(316,31): warning C4305: “参数”: 从“double”到“GLfloat”截断
G:\项目\MSC project\项目\feather_proj\src\feather.cpp(320,26): warning C4305: “参数”: 从“double”到“GLfloat”截断
G:\项目\MSC project\项目\feather_proj\src\feather.cpp(332,47): warning C4305: “初始化”: 从“double”到“GLfloat”截断
G:\项目\MSC project\项目\feather_proj\src\feather.cpp(333,47): warning C4305: “初始化”: 从“double”到“GLfloat”截断
G:\项目\MSC project\项目\feather_proj\src\feather.cpp(334,48): warning C4305: “初始化”: 从“double”到“GLfloat”截断
G:\项目\MSC project\项目\feather_proj\src\feather.cpp(336,49): warning C4305: “初始化”: 从“double”到“GLfloat”截断
G:\项目\MSC project\项目\feather_proj\src\feather.cpp(338,44): warning C4305: “初始化”: 从“double”到“GLfloat”截断
G:\项目\MSC project\项目\feather_proj\src\feather.cpp(340,45): warning C4305: “初始化”: 从“double”到“GLfloat”截断
G:\项目\MSC project\项目\feather_proj\src\feather.cpp(368,2): warning C4305: “初始化”: 从“double”到“float”截断
G:\项目\MSC project\项目\feather_proj\src\feather.cpp(368,39): warning C4244: “=”: 从“double”转换到“float”，可能丢失数据
G:\项目\MSC project\项目\feather_proj\src\feather.cpp(372,11): warning C4244: “初始化”: 从“double”转换到“float”，可能丢失数据
G:\项目\MSC project\项目\feather_proj\src\feather.cpp(373,11): warning C4244: “初始化”: 从“double”转换到“float”，可能丢失数据
G:\项目\MSC project\项目\feather_proj\src\feather.cpp(374,18): warning C4244: “=”: 从“double”转换到“float”，可能丢失数据
G:\项目\MSC project\项目\feather_proj\src\feather.cpp(375,12): warning C4244: “初始化”: 从“double”转换到“float”，可能丢失数据
G:\项目\MSC project\项目\feather_proj\src\feather.cpp(378,27): warning C4838: 从“double”转换到“float”需要收缩转换
G:\项目\MSC project\项目\feather_proj\src\feather.cpp(378,27): warning C4244: “初始化”: 从“double”转换到“float”，可能丢失数据
G:\项目\MSC project\项目\feather_proj\src\feather.cpp(378,35): warning C4838: 从“double”转换到“float”需要收缩转换
G:\项目\MSC project\项目\feather_proj\src\feather.cpp(378,35): warning C4244: “初始化”: 从“double”转换到“float”，可能丢失数据
G:\项目\MSC project\项目\feather_proj\src\feather.cpp(378,51): warning C4838: 从“double”转换到“float”需要收缩转换
G:\项目\MSC project\项目\feather_proj\src\feather.cpp(378,51): warning C4244: “初始化”: 从“double”转换到“float”，可能丢失数据
G:\项目\MSC project\项目\feather_proj\src\feather.cpp(378,59): warning C4838: 从“double”转换到“float”需要收缩转换
G:\项目\MSC project\项目\feather_proj\src\feather.cpp(378,59): warning C4244: “初始化”: 从“double”转换到“float”，可能丢失数据
G:\项目\MSC project\项目\feather_proj\src\feather.cpp(382,2): warning C4305: “初始化”: 从“double”到“float”截断
G:\项目\MSC project\项目\feather_proj\src\feather.cpp(382,43): warning C4244: “=”: 从“double”转换到“float”，可能丢失数据
G:\项目\MSC project\项目\feather_proj\src\feather.cpp(386,12): warning C4244: “初始化”: 从“double”转换到“float”，可能丢失数据
G:\项目\MSC project\项目\feather_proj\src\feather.cpp(387,12): warning C4244: “初始化”: 从“double”转换到“float”，可能丢失数据
G:\项目\MSC project\项目\feather_proj\src\feather.cpp(388,13): warning C4244: “初始化”: 从“double”转换到“float”，可能丢失数据
G:\项目\MSC project\项目\feather_proj\src\feather.cpp(389,13): warning C4244: “初始化”: 从“double”转换到“float”，可能丢失数据
G:\项目\MSC project\项目\feather_proj\src\feather.cpp(392,28): warning C4838: 从“double”转换到“float”需要收缩转换
G:\项目\MSC project\项目\feather_proj\src\feather.cpp(392,28): warning C4244: “初始化”: 从“double”转换到“float”，可能丢失数据
G:\项目\MSC project\项目\feather_proj\src\feather.cpp(392,36): warning C4838: 从“double”转换到“float”需要收缩转换
G:\项目\MSC project\项目\feather_proj\src\feather.cpp(392,36): warning C4244: “初始化”: 从“double”转换到“float”，可能丢失数据
G:\项目\MSC project\项目\feather_proj\src\feather.cpp(392,52): warning C4838: 从“double”转换到“float”需要收缩转换
G:\项目\MSC project\项目\feather_proj\src\feather.cpp(392,52): warning C4244: “初始化”: 从“double”转换到“float”，可能丢失数据
G:\项目\MSC project\项目\feather_proj\src\feather.cpp(392,60): warning C4838: 从“double”转换到“float”需要收缩转换
G:\项目\MSC project\项目\feather_proj\src\feather.cpp(392,60): warning C4244: “初始化”: 从“double”转换到“float”，可能丢失数据
G:\项目\MSC project\项目\feather_proj\src\feather.cpp(396,2): warning C4305: “初始化”: 从“double”到“float”截断
G:\项目\MSC project\项目\feather_proj\src\feather.cpp(396,39): warning C4244: “=”: 从“double”转换到“float”，可能丢失数据
G:\项目\MSC project\项目\feather_proj\src\feather.cpp(400,11): warning C4244: “初始化”: 从“double”转换到“float”，可能丢失数据
G:\项目\MSC project\项目\feather_proj\src\feather.cpp(401,11): warning C4244: “初始化”: 从“double”转换到“float”，可能丢失数据
G:\项目\MSC project\项目\feather_proj\src\feather.cpp(402,82): warning C4244: “=”: 从“double”转换到“float”，可能丢失数据
G:\项目\MSC project\项目\feather_proj\src\feather.cpp(403,12): warning C4244: “初始化”: 从“double”转换到“float”，可能丢失数据
G:\项目\MSC project\项目\feather_proj\src\feather.cpp(404,11): warning C4244: “初始化”: 从“double”转换到“float”，可能丢失数据
G:\项目\MSC project\项目\feather_proj\src\feather.cpp(406,27): warning C4838: 从“double”转换到“float”需要收缩转换
G:\项目\MSC project\项目\feather_proj\src\feather.cpp(406,27): warning C4244: “初始化”: 从“double”转换到“float”，可能丢失数据
G:\项目\MSC project\项目\feather_proj\src\feather.cpp(406,35): warning C4838: 从“double”转换到“float”需要收缩转换
G:\项目\MSC project\项目\feather_proj\src\feather.cpp(406,35): warning C4244: “初始化”: 从“double”转换到“float”，可能丢失数据
G:\项目\MSC project\项目\feather_proj\src\feather.cpp(406,49): warning C4838: 从“double”转换到“float”需要收缩转换
G:\项目\MSC project\项目\feather_proj\src\feather.cpp(406,49): warning C4244: “初始化”: 从“double”转换到“float”，可能丢失数据
G:\项目\MSC project\项目\feather_proj\src\feather.cpp(406,57): warning C4838: 从“double”转换到“float”需要收缩转换
G:\项目\MSC project\项目\feather_proj\src\feather.cpp(406,57): warning C4244: “初始化”: 从“double”转换到“float”，可能丢失数据
G:\项目\MSC project\项目\feather_proj\src\feather.cpp(409,2): warning C4305: “初始化”: 从“double”到“float”截断
G:\项目\MSC project\项目\feather_proj\src\feather.cpp(409,43): warning C4244: “=”: 从“double”转换到“float”，可能丢失数据
G:\项目\MSC project\项目\feather_proj\src\feather.cpp(413,12): warning C4244: “初始化”: 从“double”转换到“float”，可能丢失数据
G:\项目\MSC project\项目\feather_proj\src\feather.cpp(414,12): warning C4244: “初始化”: 从“double”转换到“float”，可能丢失数据
G:\项目\MSC project\项目\feather_proj\src\feather.cpp(415,13): warning C4244: “初始化”: 从“double”转换到“float”，可能丢失数据
G:\项目\MSC project\项目\feather_proj\src\feather.cpp(416,13): warning C4244: “初始化”: 从“double”转换到“float”，可能丢失数据
G:\项目\MSC project\项目\feather_proj\src\feather.cpp(417,11): warning C4244: “初始化”: 从“double”转换到“float”，可能丢失数据
G:\项目\MSC project\项目\feather_proj\src\feather.cpp(419,27): warning C4838: 从“double”转换到“float”需要收缩转换
G:\项目\MSC project\项目\feather_proj\src\feather.cpp(419,27): warning C4244: “初始化”: 从“double”转换到“float”，可能丢失数据
G:\项目\MSC project\项目\feather_proj\src\feather.cpp(419,35): warning C4838: 从“double”转换到“float”需要收缩转换
G:\项目\MSC project\项目\feather_proj\src\feather.cpp(419,35): warning C4244: “初始化”: 从“double”转换到“float”，可能丢失数据
G:\项目\MSC project\项目\feather_proj\src\feather.cpp(419,49): warning C4838: 从“double”转换到“float”需要收缩转换
G:\项目\MSC project\项目\feather_proj\src\feather.cpp(419,49): warning C4244: “初始化”: 从“double”转换到“float”，可能丢失数据
G:\项目\MSC project\项目\feather_proj\src\feather.cpp(419,57): warning C4838: 从“double”转换到“float”需要收缩转换
G:\项目\MSC project\项目\feather_proj\src\feather.cpp(419,57): warning C4244: “初始化”: 从“double”转换到“float”，可能丢失数据
G:\项目\MSC project\项目\feather_proj\src\feather.cpp(433,17): warning C4305: “初始化”: 从“double”到“float”截断
G:\项目\MSC project\项目\feather_proj\src\feather.cpp(448,15): warning C4244: “=”: 从“double”转换到“float”，可能丢失数据
G:\项目\MSC project\项目\feather_proj\src\feather.cpp(466,49): warning C4244: “参数”: 从“double”转换到“GLfloat”，可能丢失数据
G:\项目\MSC project\项目\feather_proj\src\feather.cpp(466,16): warning C4244: “参数”: 从“double”转换到“GLfloat”，可能丢失数据
G:\项目\MSC project\项目\feather_proj\src\feather.cpp(465,26): warning C4244: “参数”: 从“double”转换到“GLfloat”，可能丢失数据
G:\项目\MSC project\项目\feather_proj\src\feather.cpp(467,58): warning C4244: “参数”: 从“double”转换到“GLfloat”，可能丢失数据
G:\项目\MSC project\项目\feather_proj\src\feather.cpp(467,31): warning C4244: “参数”: 从“double”转换到“GLfloat”，可能丢失数据
G:\项目\MSC project\项目\feather_proj\src\feather.cpp(471,49): warning C4244: “参数”: 从“double”转换到“GLfloat”，可能丢失数据
G:\项目\MSC project\项目\feather_proj\src\feather.cpp(471,16): warning C4244: “参数”: 从“double”转换到“GLfloat”，可能丢失数据
G:\项目\MSC project\项目\feather_proj\src\feather.cpp(470,26): warning C4244: “参数”: 从“double”转换到“GLfloat”，可能丢失数据
G:\项目\MSC project\项目\feather_proj\src\feather.cpp(472,49): warning C4244: “参数”: 从“double”转换到“GLfloat”，可能丢失数据
G:\项目\MSC project\项目\feather_proj\src\feather.cpp(472,25): warning C4244: “参数”: 从“double”转换到“GLfloat”，可能丢失数据
G:\项目\MSC project\项目\feather_proj\src\feather.cpp(480,49): warning C4244: “参数”: 从“double”转换到“GLfloat”，可能丢失数据
G:\项目\MSC project\项目\feather_proj\src\feather.cpp(480,16): warning C4244: “参数”: 从“double”转换到“GLfloat”，可能丢失数据
G:\项目\MSC project\项目\feather_proj\src\feather.cpp(479,26): warning C4244: “参数”: 从“double”转换到“GLfloat”，可能丢失数据
G:\项目\MSC project\项目\feather_proj\src\feather.cpp(481,58): warning C4244: “参数”: 从“double”转换到“GLfloat”，可能丢失数据
G:\项目\MSC project\项目\feather_proj\src\feather.cpp(481,31): warning C4244: “参数”: 从“double”转换到“GLfloat”，可能丢失数据
G:\项目\MSC project\项目\feather_proj\src\feather.cpp(485,53): warning C4244: “参数”: 从“double”转换到“GLfloat”，可能丢失数据
G:\项目\MSC project\项目\feather_proj\src\feather.cpp(485,20): warning C4244: “参数”: 从“double”转换到“GLfloat”，可能丢失数据
G:\项目\MSC project\项目\feather_proj\src\feather.cpp(484,30): warning C4244: “参数”: 从“double”转换到“GLfloat”，可能丢失数据
G:\项目\MSC project\项目\feather_proj\src\feather.cpp(486,62): warning C4244: “参数”: 从“double”转换到“GLfloat”，可能丢失数据
G:\项目\MSC project\项目\feather_proj\src\feather.cpp(486,31): warning C4244: “参数”: 从“double”转换到“GLfloat”，可能丢失数据
G:\项目\MSC project\项目\feather_proj\src\feather.cpp(490,53): warning C4244: “参数”: 从“double”转换到“GLfloat”，可能丢失数据
G:\项目\MSC project\项目\feather_proj\src\feather.cpp(490,20): warning C4244: “参数”: 从“double”转换到“GLfloat”，可能丢失数据
G:\项目\MSC project\项目\feather_proj\src\feather.cpp(489,30): warning C4244: “参数”: 从“double”转换到“GLfloat”，可能丢失数据
G:\项目\MSC project\项目\feather_proj\src\feather.cpp(491,53): warning C4244: “参数”: 从“double”转换到“GLfloat”，可能丢失数据
G:\项目\MSC project\项目\feather_proj\src\feather.cpp(491,25): warning C4244: “参数”: 从“double”转换到“GLfloat”，可能丢失数据
G:\项目\MSC project\项目\feather_proj\src\feather.cpp(495,49): warning C4244: “参数”: 从“double”转换到“GLfloat”，可能丢失数据
G:\项目\MSC project\项目\feather_proj\src\feather.cpp(495,16): warning C4244: “参数”: 从“double”转换到“GLfloat”，可能丢失数据
G:\项目\MSC project\项目\feather_proj\src\feather.cpp(494,26): warning C4244: “参数”: 从“double”转换到“GLfloat”，可能丢失数据
G:\项目\MSC project\项目\feather_proj\src\feather.cpp(496,49): warning C4244: “参数”: 从“double”转换到“GLfloat”，可能丢失数据
G:\项目\MSC project\项目\feather_proj\src\feather.cpp(496,25): warning C4244: “参数”: 从“double”转换到“GLfloat”，可能丢失数据
G:\项目\MSC project\项目\feather_proj\src\feather.cpp(500,53): warning C4244: “参数”: 从“double”转换到“GLfloat”，可能丢失数据
G:\项目\MSC project\项目\feather_proj\src\feather.cpp(500,20): warning C4244: “参数”: 从“double”转换到“GLfloat”，可能丢失数据
G:\项目\MSC project\项目\feather_proj\src\feather.cpp(499,30): warning C4244: “参数”: 从“double”转换到“GLfloat”，可能丢失数据
G:\项目\MSC project\项目\feather_proj\src\feather.cpp(501,62): warning C4244: “参数”: 从“double”转换到“GLfloat”，可能丢失数据
G:\项目\MSC project\项目\feather_proj\src\feather.cpp(501,31): warning C4244: “参数”: 从“double”转换到“GLfloat”，可能丢失数据
G:\项目\MSC project\项目\feather_proj\src\feather.cpp(506,53): warning C4244: “参数”: 从“double”转换到“GLfloat”，可能丢失数据
G:\项目\MSC project\项目\feather_proj\src\feather.cpp(506,20): warning C4244: “参数”: 从“double”转换到“GLfloat”，可能丢失数据
G:\项目\MSC project\项目\feather_proj\src\feather.cpp(505,30): warning C4244: “参数”: 从“double”转换到“GLfloat”，可能丢失数据
G:\项目\MSC project\项目\feather_proj\src\feather.cpp(507,62): warning C4244: “参数”: 从“double”转换到“GLfloat”，可能丢失数据
G:\项目\MSC project\项目\feather_proj\src\feather.cpp(507,31): warning C4244: “参数”: 从“double”转换到“GLfloat”，可能丢失数据
G:\项目\MSC project\项目\feather_proj\src\feather.cpp(511,53): warning C4244: “参数”: 从“double”转换到“GLfloat”，可能丢失数据
G:\项目\MSC project\项目\feather_proj\src\feather.cpp(511,20): warning C4244: “参数”: 从“double”转换到“GLfloat”，可能丢失数据
G:\项目\MSC project\项目\feather_proj\src\feather.cpp(510,30): warning C4244: “参数”: 从“double”转换到“GLfloat”，可能丢失数据
G:\项目\MSC project\项目\feather_proj\src\feather.cpp(512,53): warning C4244: “参数”: 从“double”转换到“GLfloat”，可能丢失数据
G:\项目\MSC project\项目\feather_proj\src\feather.cpp(512,25): warning C4244: “参数”: 从“double”转换到“GLfloat”，可能丢失数据
G:\项目\MSC project\项目\feather_proj\src\feather.cpp(516,53): warning C4244: “参数”: 从“double”转换到“GLfloat”，可能丢失数据
G:\项目\MSC project\项目\feather_proj\src\feather.cpp(516,20): warning C4244: “参数”: 从“double”转换到“GLfloat”，可能丢失数据
G:\项目\MSC project\项目\feather_proj\src\feather.cpp(515,30): warning C4244: “参数”: 从“double”转换到“GLfloat”，可能丢失数据
G:\项目\MSC project\项目\feather_proj\src\feather.cpp(517,53): warning C4244: “参数”: 从“double”转换到“GLfloat”，可能丢失数据
G:\项目\MSC project\项目\feather_proj\src\feather.cpp(517,25): warning C4244: “参数”: 从“double”转换到“GLfloat”，可能丢失数据
G:\项目\MSC project\项目\feather_proj\src\feather.cpp(519,53): warning C4244: “参数”: 从“double”转换到“GLfloat”，可能丢失数据
G:\项目\MSC project\项目\feather_proj\src\feather.cpp(519,20): warning C4244: “参数”: 从“double”转换到“GLfloat”，可能丢失数据
G:\项目\MSC project\项目\feather_proj\src\feather.cpp(518,30): warning C4244: “参数”: 从“double”转换到“GLfloat”，可能丢失数据
G:\项目\MSC project\项目\feather_proj\src\feather.cpp(520,62): warning C4244: “参数”: 从“double”转换到“GLfloat”，可能丢失数据
G:\项目\MSC project\项目\feather_proj\src\feather.cpp(520,31): warning C4244: “参数”: 从“double”转换到“GLfloat”，可能丢失数据
G:\项目\MSC project\项目\feather_proj\src\feather.cpp(522,53): warning C4244: “参数”: 从“double”转换到“GLfloat”，可能丢失数据
G:\项目\MSC project\项目\feather_proj\src\feather.cpp(522,20): warning C4244: “参数”: 从“double”转换到“GLfloat”，可能丢失数据
G:\项目\MSC project\项目\feather_proj\src\feather.cpp(521,30): warning C4244: “参数”: 从“double”转换到“GLfloat”，可能丢失数据
G:\项目\MSC project\项目\feather_proj\src\feather.cpp(523,62): warning C4244: “参数”: 从“double”转换到“GLfloat”，可能丢失数据
G:\项目\MSC project\项目\feather_proj\src\feather.cpp(523,31): warning C4244: “参数”: 从“double”转换到“GLfloat”，可能丢失数据
G:\项目\MSC project\项目\feather_proj\src\feather.cpp(525,53): warning C4244: “参数”: 从“double”转换到“GLfloat”，可能丢失数据
G:\项目\MSC project\项目\feather_proj\src\feather.cpp(525,20): warning C4244: “参数”: 从“double”转换到“GLfloat”，可能丢失数据
G:\项目\MSC project\项目\feather_proj\src\feather.cpp(524,30): warning C4244: “参数”: 从“double”转换到“GLfloat”，可能丢失数据
G:\项目\MSC project\项目\feather_proj\src\feather.cpp(526,53): warning C4244: “参数”: 从“double”转换到“GLfloat”，可能丢失数据
G:\项目\MSC project\项目\feather_proj\src\feather.cpp(526,25): warning C4244: “参数”: 从“double”转换到“GLfloat”，可能丢失数据
G:\项目\MSC project\项目\feather_proj\src\feather.cpp(528,53): warning C4244: “参数”: 从“double”转换到“GLfloat”，可能丢失数据
G:\项目\MSC project\项目\feather_proj\src\feather.cpp(528,20): warning C4244: “参数”: 从“double”转换到“GLfloat”，可能丢失数据
G:\项目\MSC project\项目\feather_proj\src\feather.cpp(527,30): warning C4244: “参数”: 从“double”转换到“GLfloat”，可能丢失数据
G:\项目\MSC project\项目\feather_proj\src\feather.cpp(529,53): warning C4244: “参数”: 从“double”转换到“GLfloat”，可能丢失数据
G:\项目\MSC project\项目\feather_proj\src\feather.cpp(529,25): warning C4244: “参数”: 从“double”转换到“GLfloat”，可能丢失数据
G:\项目\MSC project\项目\feather_proj\src\feather.cpp(531,53): warning C4244: “参数”: 从“double”转换到“GLfloat”，可能丢失数据
G:\项目\MSC project\项目\feather_proj\src\feather.cpp(531,20): warning C4244: “参数”: 从“double”转换到“GLfloat”，可能丢失数据
G:\项目\MSC project\项目\feather_proj\src\feather.cpp(530,30): warning C4244: “参数”: 从“double”转换到“GLfloat”，可能丢失数据
G:\项目\MSC project\项目\feather_proj\src\feather.cpp(532,62): warning C4244: “参数”: 从“double”转换到“GLfloat”，可能丢失数据
G:\项目\MSC project\项目\feather_proj\src\feather.cpp(532,31): warning C4244: “参数”: 从“double”转换到“GLfloat”，可能丢失数据
G:\项目\MSC project\项目\feather_proj\src\feather.cpp(538,53): warning C4244: “参数”: 从“double”转换到“GLfloat”，可能丢失数据
G:\项目\MSC project\项目\feather_proj\src\feather.cpp(538,20): warning C4244: “参数”: 从“double”转换到“GLfloat”，可能丢失数据
G:\项目\MSC project\项目\feather_proj\src\feather.cpp(537,30): warning C4244: “参数”: 从“double”转换到“GLfloat”，可能丢失数据
G:\项目\MSC project\项目\feather_proj\src\feather.cpp(539,53): warning C4244: “参数”: 从“double”转换到“GLfloat”，可能丢失数据
G:\项目\MSC project\项目\feather_proj\src\feather.cpp(539,25): warning C4244: “参数”: 从“double”转换到“GLfloat”，可能丢失数据
G:\项目\MSC project\项目\feather_proj\src\feather.cpp(543,53): warning C4244: “参数”: 从“double”转换到“GLfloat”，可能丢失数据
G:\项目\MSC project\项目\feather_proj\src\feather.cpp(543,20): warning C4244: “参数”: 从“double”转换到“GLfloat”，可能丢失数据
G:\项目\MSC project\项目\feather_proj\src\feather.cpp(542,30): warning C4244: “参数”: 从“double”转换到“GLfloat”，可能丢失数据
G:\项目\MSC project\项目\feather_proj\src\feather.cpp(547,62): warning C4244: “参数”: 从“double”转换到“GLfloat”，可能丢失数据
G:\项目\MSC project\项目\feather_proj\src\feather.cpp(547,31): warning C4244: “参数”: 从“double”转换到“GLfloat”，可能丢失数据
G:\项目\MSC project\项目\feather_proj\src\feather.cpp(549,53): warning C4244: “参数”: 从“double”转换到“GLfloat”，可能丢失数据
G:\项目\MSC project\项目\feather_proj\src\feather.cpp(549,20): warning C4244: “参数”: 从“double”转换到“GLfloat”，可能丢失数据
G:\项目\MSC project\项目\feather_proj\src\feather.cpp(548,30): warning C4244: “参数”: 从“double”转换到“GLfloat”，可能丢失数据
G:\项目\MSC project\项目\feather_proj\src\feather.cpp(550,53): warning C4244: “参数”: 从“double”转换到“GLfloat”，可能丢失数据
G:\项目\MSC project\项目\feather_proj\src\feather.cpp(550,25): warning C4244: “参数”: 从“double”转换到“GLfloat”，可能丢失数据
G:\项目\MSC project\项目\feather_proj\src\feather.cpp(554,53): warning C4244: “参数”: 从“double”转换到“GLfloat”，可能丢失数据
G:\项目\MSC project\项目\feather_proj\src\feather.cpp(554,20): warning C4244: “参数”: 从“double”转换到“GLfloat”，可能丢失数据
G:\项目\MSC project\项目\feather_proj\src\feather.cpp(553,30): warning C4244: “参数”: 从“double”转换到“GLfloat”，可能丢失数据
G:\项目\MSC project\项目\feather_proj\src\feather.cpp(555,62): warning C4244: “参数”: 从“double”转换到“GLfloat”，可能丢失数据
G:\项目\MSC project\项目\feather_proj\src\feather.cpp(555,31): warning C4244: “参数”: 从“double”转换到“GLfloat”，可能丢失数据
G:\项目\MSC project\项目\feather_proj\src\feather.cpp(557,53): warning C4244: “参数”: 从“double”转换到“GLfloat”，可能丢失数据
G:\项目\MSC project\项目\feather_proj\src\feather.cpp(557,20): warning C4244: “参数”: 从“double”转换到“GLfloat”，可能丢失数据
G:\项目\MSC project\项目\feather_proj\src\feather.cpp(556,30): warning C4244: “参数”: 从“double”转换到“GLfloat”，可能丢失数据
G:\项目\MSC project\项目\feather_proj\src\feather.cpp(558,62): warning C4244: “参数”: 从“double”转换到“GLfloat”，可能丢失数据
G:\项目\MSC project\项目\feather_proj\src\feather.cpp(558,31): warning C4244: “参数”: 从“double”转换到“GLfloat”，可能丢失数据
G:\项目\MSC project\项目\feather_proj\src\feather.cpp(560,53): warning C4244: “参数”: 从“double”转换到“GLfloat”，可能丢失数据
G:\项目\MSC project\项目\feather_proj\src\feather.cpp(560,20): warning C4244: “参数”: 从“double”转换到“GLfloat”，可能丢失数据
G:\项目\MSC project\项目\feather_proj\src\feather.cpp(559,30): warning C4244: “参数”: 从“double”转换到“GLfloat”，可能丢失数据
G:\项目\MSC project\项目\feather_proj\src\feather.cpp(561,53): warning C4244: “参数”: 从“double”转换到“GLfloat”，可能丢失数据
G:\项目\MSC project\项目\feather_proj\src\feather.cpp(561,25): warning C4244: “参数”: 从“double”转换到“GLfloat”，可能丢失数据
G:\项目\MSC project\项目\feather_proj\src\feather.cpp(563,53): warning C4244: “参数”: 从“double”转换到“GLfloat”，可能丢失数据
G:\项目\MSC project\项目\feather_proj\src\feather.cpp(563,20): warning C4244: “参数”: 从“double”转换到“GLfloat”，可能丢失数据
G:\项目\MSC project\项目\feather_proj\src\feather.cpp(562,30): warning C4244: “参数”: 从“double”转换到“GLfloat”，可能丢失数据
G:\项目\MSC project\项目\feather_proj\src\feather.cpp(564,53): warning C4244: “参数”: 从“double”转换到“GLfloat”，可能丢失数据
G:\项目\MSC project\项目\feather_proj\src\feather.cpp(564,25): warning C4244: “参数”: 从“double”转换到“GLfloat”，可能丢失数据
G:\项目\MSC project\项目\feather_proj\src\feather.cpp(566,53): warning C4244: “参数”: 从“double”转换到“GLfloat”，可能丢失数据
G:\项目\MSC project\项目\feather_proj\src\feather.cpp(566,20): warning C4244: “参数”: 从“double”转换到“GLfloat”，可能丢失数据
G:\项目\MSC project\项目\feather_proj\src\feather.cpp(565,30): warning C4244: “参数”: 从“double”转换到“GLfloat”，可能丢失数据
G:\项目\MSC project\项目\feather_proj\src\feather.cpp(567,62): warning C4244: “参数”: 从“double”转换到“GLfloat”，可能丢失数据
G:\项目\MSC project\项目\feather_proj\src\feather.cpp(567,31): warning C4244: “参数”: 从“double”转换到“GLfloat”，可能丢失数据
G:\项目\MSC project\项目\feather_proj\src\feather.cpp(569,53): warning C4244: “参数”: 从“double”转换到“GLfloat”，可能丢失数据
G:\项目\MSC project\项目\feather_proj\src\feather.cpp(569,20): warning C4244: “参数”: 从“double”转换到“GLfloat”，可能丢失数据
G:\项目\MSC project\项目\feather_proj\src\feather.cpp(568,30): warning C4244: “参数”: 从“double”转换到“GLfloat”，可能丢失数据
G:\项目\MSC project\项目\feather_proj\src\feather.cpp(570,62): warning C4244: “参数”: 从“double”转换到“GLfloat”，可能丢失数据
G:\项目\MSC project\项目\feather_proj\src\feather.cpp(570,31): warning C4244: “参数”: 从“double”转换到“GLfloat”，可能丢失数据
G:\项目\MSC project\项目\feather_proj\src\feather.cpp(572,53): warning C4244: “参数”: 从“double”转换到“GLfloat”，可能丢失数据
G:\项目\MSC project\项目\feather_proj\src\feather.cpp(572,20): warning C4244: “参数”: 从“double”转换到“GLfloat”，可能丢失数据
G:\项目\MSC project\项目\feather_proj\src\feather.cpp(571,30): warning C4244: “参数”: 从“double”转换到“GLfloat”，可能丢失数据
G:\项目\MSC project\项目\feather_proj\src\feather.cpp(573,53): warning C4244: “参数”: 从“double”转换到“GLfloat”，可能丢失数据
G:\项目\MSC project\项目\feather_proj\src\feather.cpp(573,25): warning C4244: “参数”: 从“double”转换到“GLfloat”，可能丢失数据
G:\项目\MSC project\项目\feather_proj\src\feather.cpp(575,53): warning C4244: “参数”: 从“double”转换到“GLfloat”，可能丢失数据
G:\项目\MSC project\项目\feather_proj\src\feather.cpp(575,20): warning C4244: “参数”: 从“double”转换到“GLfloat”，可能丢失数据
G:\项目\MSC project\项目\feather_proj\src\feather.cpp(574,30): warning C4244: “参数”: 从“double”转换到“GLfloat”，可能丢失数据
G:\项目\MSC project\项目\feather_proj\src\feather.cpp(576,53): warning C4244: “参数”: 从“double”转换到“GLfloat”，可能丢失数据
G:\项目\MSC project\项目\feather_proj\src\feather.cpp(576,25): warning C4244: “参数”: 从“double”转换到“GLfloat”，可能丢失数据
G:\项目\MSC project\项目\feather_proj\src\feather.cpp(580,53): warning C4244: “参数”: 从“double”转换到“GLfloat”，可能丢失数据
G:\项目\MSC project\项目\feather_proj\src\feather.cpp(580,20): warning C4244: “参数”: 从“double”转换到“GLfloat”，可能丢失数据
G:\项目\MSC project\项目\feather_proj\src\feather.cpp(579,30): warning C4244: “参数”: 从“double”转换到“GLfloat”，可能丢失数据
G:\项目\MSC project\项目\feather_proj\src\feather.cpp(581,62): warning C4244: “参数”: 从“double”转换到“GLfloat”，可能丢失数据
G:\项目\MSC project\项目\feather_proj\src\feather.cpp(581,31): warning C4244: “参数”: 从“double”转换到“GLfloat”，可能丢失数据
G:\项目\MSC project\项目\feather_proj\src\feather.cpp(585,53): warning C4244: “参数”: 从“double”转换到“GLfloat”，可能丢失数据
G:\项目\MSC project\项目\feather_proj\src\feather.cpp(585,20): warning C4244: “参数”: 从“double”转换到“GLfloat”，可能丢失数据
G:\项目\MSC project\项目\feather_proj\src\feather.cpp(584,30): warning C4244: “参数”: 从“double”转换到“GLfloat”，可能丢失数据
G:\项目\MSC project\项目\feather_proj\src\feather.cpp(586,62): warning C4244: “参数”: 从“double”转换到“GLfloat”，可能丢失数据
G:\项目\MSC project\项目\feather_proj\src\feather.cpp(586,31): warning C4244: “参数”: 从“double”转换到“GLfloat”，可能丢失数据
G:\项目\MSC project\项目\feather_proj\src\feather.cpp(590,53): warning C4244: “参数”: 从“double”转换到“GLfloat”，可能丢失数据
G:\项目\MSC project\项目\feather_proj\src\feather.cpp(590,20): warning C4244: “参数”: 从“double”转换到“GLfloat”，可能丢失数据
G:\项目\MSC project\项目\feather_proj\src\feather.cpp(589,30): warning C4244: “参数”: 从“double”转换到“GLfloat”，可能丢失数据
G:\项目\MSC project\项目\feather_proj\src\feather.cpp(591,53): warning C4244: “参数”: 从“double”转换到“GLfloat”，可能丢失数据
G:\项目\MSC project\项目\feather_proj\src\feather.cpp(591,25): warning C4244: “参数”: 从“double”转换到“GLfloat”，可能丢失数据
G:\项目\MSC project\项目\feather_proj\src\feather.cpp(595,53): warning C4244: “参数”: 从“double”转换到“GLfloat”，可能丢失数据
G:\项目\MSC project\项目\feather_proj\src\feather.cpp(595,20): warning C4244: “参数”: 从“double”转换到“GLfloat”，可能丢失数据
G:\项目\MSC project\项目\feather_proj\src\feather.cpp(594,30): warning C4244: “参数”: 从“double”转换到“GLfloat”，可能丢失数据
G:\项目\MSC project\项目\feather_proj\src\feather.cpp(596,53): warning C4244: “参数”: 从“double”转换到“GLfloat”，可能丢失数据
G:\项目\MSC project\项目\feather_proj\src\feather.cpp(596,25): warning C4244: “参数”: 从“double”转换到“GLfloat”，可能丢失数据
G:\项目\MSC project\项目\feather_proj\src\feather.cpp(600,53): warning C4244: “参数”: 从“double”转换到“GLfloat”，可能丢失数据
G:\项目\MSC project\项目\feather_proj\src\feather.cpp(600,20): warning C4244: “参数”: 从“double”转换到“GLfloat”，可能丢失数据
G:\项目\MSC project\项目\feather_proj\src\feather.cpp(599,30): warning C4244: “参数”: 从“double”转换到“GLfloat”，可能丢失数据
G:\项目\MSC project\项目\feather_proj\src\feather.cpp(601,62): warning C4244: “参数”: 从“double”转换到“GLfloat”，可能丢失数据
G:\项目\MSC project\项目\feather_proj\src\feather.cpp(601,31): warning C4244: “参数”: 从“double”转换到“GLfloat”，可能丢失数据
G:\项目\MSC project\项目\feather_proj\src\feather.cpp(613,53): warning C4244: “参数”: 从“double”转换到“GLfloat”，可能丢失数据
G:\项目\MSC project\项目\feather_proj\src\feather.cpp(613,20): warning C4244: “参数”: 从“double”转换到“GLfloat”，可能丢失数据
G:\项目\MSC project\项目\feather_proj\src\feather.cpp(612,30): warning C4244: “参数”: 从“double”转换到“GLfloat”，可能丢失数据
G:\项目\MSC project\项目\feather_proj\src\feather.cpp(614,53): warning C4244: “参数”: 从“double”转换到“GLfloat”，可能丢失数据
G:\项目\MSC project\项目\feather_proj\src\feather.cpp(614,25): warning C4244: “参数”: 从“double”转换到“GLfloat”，可能丢失数据
G:\项目\MSC project\项目\feather_proj\src\feather.cpp(626,17): warning C4305: “初始化”: 从“double”到“float”截断
G:\项目\MSC project\项目\feather_proj\src\feather.cpp(627,17): warning C4305: “初始化”: 从“double”到“float”截断
G:\项目\MSC project\项目\feather_proj\src\feather.cpp(638,15): warning C4244: “=”: 从“double”转换到“float”，可能丢失数据
G:\项目\MSC project\项目\feather_proj\src\feather.cpp(655,49): warning C4244: “参数”: 从“double”转换到“GLfloat”，可能丢失数据
G:\项目\MSC project\项目\feather_proj\src\feather.cpp(655,16): warning C4244: “参数”: 从“double”转换到“GLfloat”，可能丢失数据
G:\项目\MSC project\项目\feather_proj\src\feather.cpp(654,26): warning C4244: “参数”: 从“double”转换到“GLfloat”，可能丢失数据
G:\项目\MSC project\项目\feather_proj\src\feather.cpp(656,54): warning C4244: “参数”: 从“double”转换到“GLfloat”，可能丢失数据
G:\项目\MSC project\项目\feather_proj\src\feather.cpp(656,30): warning C4244: “参数”: 从“double”转换到“GLfloat”，可能丢失数据
G:\项目\MSC project\项目\feather_proj\src\feather.cpp(660,49): warning C4244: “参数”: 从“double”转换到“GLfloat”，可能丢失数据
G:\项目\MSC project\项目\feather_proj\src\feather.cpp(660,16): warning C4244: “参数”: 从“double”转换到“GLfloat”，可能丢失数据
G:\项目\MSC project\项目\feather_proj\src\feather.cpp(659,26): warning C4244: “参数”: 从“double”转换到“GLfloat”，可能丢失数据
G:\项目\MSC project\项目\feather_proj\src\feather.cpp(661,63): warning C4244: “参数”: 从“double”转换到“GLfloat”，可能丢失数据
G:\项目\MSC project\项目\feather_proj\src\feather.cpp(661,36): warning C4244: “参数”: 从“double”转换到“GLfloat”，可能丢失数据
G:\项目\MSC project\项目\feather_proj\src\feather.cpp(669,49): warning C4244: “参数”: 从“double”转换到“GLfloat”，可能丢失数据
G:\项目\MSC project\项目\feather_proj\src\feather.cpp(669,16): warning C4244: “参数”: 从“double”转换到“GLfloat”，可能丢失数据
G:\项目\MSC project\项目\feather_proj\src\feather.cpp(668,26): warning C4244: “参数”: 从“double”转换到“GLfloat”，可能丢失数据
G:\项目\MSC project\项目\feather_proj\src\feather.cpp(670,54): warning C4244: “参数”: 从“double”转换到“GLfloat”，可能丢失数据
G:\项目\MSC project\项目\feather_proj\src\feather.cpp(670,30): warning C4244: “参数”: 从“double”转换到“GLfloat”，可能丢失数据
G:\项目\MSC project\项目\feather_proj\src\feather.cpp(674,53): warning C4244: “参数”: 从“double”转换到“GLfloat”，可能丢失数据
G:\项目\MSC project\项目\feather_proj\src\feather.cpp(674,20): warning C4244: “参数”: 从“double”转换到“GLfloat”，可能丢失数据
G:\项目\MSC project\项目\feather_proj\src\feather.cpp(673,30): warning C4244: “参数”: 从“double”转换到“GLfloat”，可能丢失数据
G:\项目\MSC project\项目\feather_proj\src\feather.cpp(675,58): warning C4244: “参数”: 从“double”转换到“GLfloat”，可能丢失数据
G:\项目\MSC project\项目\feather_proj\src\feather.cpp(675,30): warning C4244: “参数”: 从“double”转换到“GLfloat”，可能丢失数据
G:\项目\MSC project\项目\feather_proj\src\feather.cpp(680,53): warning C4244: “参数”: 从“double”转换到“GLfloat”，可能丢失数据
G:\项目\MSC project\项目\feather_proj\src\feather.cpp(680,20): warning C4244: “参数”: 从“double”转换到“GLfloat”，可能丢失数据
G:\项目\MSC project\项目\feather_proj\src\feather.cpp(679,30): warning C4244: “参数”: 从“double”转换到“GLfloat”，可能丢失数据
G:\项目\MSC project\项目\feather_proj\src\feather.cpp(681,67): warning C4244: “参数”: 从“double”转换到“GLfloat”，可能丢失数据
G:\项目\MSC project\项目\feather_proj\src\feather.cpp(681,36): warning C4244: “参数”: 从“double”转换到“GLfloat”，可能丢失数据
G:\项目\MSC project\项目\feather_proj\src\feather.cpp(685,49): warning C4244: “参数”: 从“double”转换到“GLfloat”，可能丢失数据
G:\项目\MSC project\项目\feather_proj\src\feather.cpp(685,16): warning C4244: “参数”: 从“double”转换到“GLfloat”，可能丢失数据
G:\项目\MSC project\项目\feather_proj\src\feather.cpp(684,26): warning C4244: “参数”: 从“double”转换到“GLfloat”，可能丢失数据
G:\项目\MSC project\项目\feather_proj\src\feather.cpp(686,63): warning C4244: “参数”: 从“double”转换到“GLfloat”，可能丢失数据
G:\项目\MSC project\项目\feather_proj\src\feather.cpp(686,36): warning C4244: “参数”: 从“double”转换到“GLfloat”，可能丢失数据
G:\项目\MSC project\项目\feather_proj\src\feather.cpp(690,53): warning C4244: “参数”: 从“double”转换到“GLfloat”，可能丢失数据
G:\项目\MSC project\项目\feather_proj\src\feather.cpp(690,20): warning C4244: “参数”: 从“double”转换到“GLfloat”，可能丢失数据
G:\项目\MSC project\项目\feather_proj\src\feather.cpp(689,30): warning C4244: “参数”: 从“double”转换到“GLfloat”，可能丢失数据
G:\项目\MSC project\项目\feather_proj\src\feather.cpp(691,58): warning C4244: “参数”: 从“double”转换到“GLfloat”，可能丢失数据
G:\项目\MSC project\项目\feather_proj\src\feather.cpp(691,30): warning C4244: “参数”: 从“double”转换到“GLfloat”，可能丢失数据
G:\项目\MSC project\项目\feather_proj\src\feather.cpp(695,53): warning C4244: “参数”: 从“double”转换到“GLfloat”，可能丢失数据
G:\项目\MSC project\项目\feather_proj\src\feather.cpp(695,20): warning C4244: “参数”: 从“double”转换到“GLfloat”，可能丢失数据
G:\项目\MSC project\项目\feather_proj\src\feather.cpp(694,30): warning C4244: “参数”: 从“double”转换到“GLfloat”，可能丢失数据
G:\项目\MSC project\项目\feather_proj\src\feather.cpp(696,58): warning C4244: “参数”: 从“double”转换到“GLfloat”，可能丢失数据
G:\项目\MSC project\项目\feather_proj\src\feather.cpp(696,30): warning C4244: “参数”: 从“double”转换到“GLfloat”，可能丢失数据
G:\项目\MSC project\项目\feather_proj\src\feather.cpp(700,53): warning C4244: “参数”: 从“double”转换到“GLfloat”，可能丢失数据
G:\项目\MSC project\项目\feather_proj\src\feather.cpp(700,20): warning C4244: “参数”: 从“double”转换到“GLfloat”，可能丢失数据
G:\项目\MSC project\项目\feather_proj\src\feather.cpp(699,30): warning C4244: “参数”: 从“double”转换到“GLfloat”，可能丢失数据
G:\项目\MSC project\项目\feather_proj\src\feather.cpp(701,67): warning C4244: “参数”: 从“double”转换到“GLfloat”，可能丢失数据
G:\项目\MSC project\项目\feather_proj\src\feather.cpp(701,36): warning C4244: “参数”: 从“double”转换到“GLfloat”，可能丢失数据
G:\项目\MSC project\项目\feather_proj\src\feather.cpp(705,53): warning C4244: “参数”: 从“double”转换到“GLfloat”，可能丢失数据
G:\项目\MSC project\项目\feather_proj\src\feather.cpp(705,20): warning C4244: “参数”: 从“double”转换到“GLfloat”，可能丢失数据
G:\项目\MSC project\项目\feather_proj\src\feather.cpp(704,30): warning C4244: “参数”: 从“double”转换到“GLfloat”，可能丢失数据
G:\项目\MSC project\项目\feather_proj\src\feather.cpp(706,67): warning C4244: “参数”: 从“double”转换到“GLfloat”，可能丢失数据
G:\项目\MSC project\项目\feather_proj\src\feather.cpp(706,36): warning C4244: “参数”: 从“double”转换到“GLfloat”，可能丢失数据
G:\项目\MSC project\项目\feather_proj\src\feather.cpp(708,53): warning C4244: “参数”: 从“double”转换到“GLfloat”，可能丢失数据
G:\项目\MSC project\项目\feather_proj\src\feather.cpp(708,20): warning C4244: “参数”: 从“double”转换到“GLfloat”，可能丢失数据
G:\项目\MSC project\项目\feather_proj\src\feather.cpp(707,30): warning C4244: “参数”: 从“double”转换到“GLfloat”，可能丢失数据
G:\项目\MSC project\项目\feather_proj\src\feather.cpp(709,67): warning C4244: “参数”: 从“double”转换到“GLfloat”，可能丢失数据
G:\项目\MSC project\项目\feather_proj\src\feather.cpp(709,36): warning C4244: “参数”: 从“double”转换到“GLfloat”，可能丢失数据
G:\项目\MSC project\项目\feather_proj\src\feather.cpp(711,53): warning C4244: “参数”: 从“double”转换到“GLfloat”，可能丢失数据
G:\项目\MSC project\项目\feather_proj\src\feather.cpp(711,20): warning C4244: “参数”: 从“double”转换到“GLfloat”，可能丢失数据
G:\项目\MSC project\项目\feather_proj\src\feather.cpp(710,30): warning C4244: “参数”: 从“double”转换到“GLfloat”，可能丢失数据
G:\项目\MSC project\项目\feather_proj\src\feather.cpp(712,67): warning C4244: “参数”: 从“double”转换到“GLfloat”，可能丢失数据
G:\项目\MSC project\项目\feather_proj\src\feather.cpp(712,36): warning C4244: “参数”: 从“double”转换到“GLfloat”，可能丢失数据
G:\项目\MSC project\项目\feather_proj\src\feather.cpp(714,53): warning C4244: “参数”: 从“double”转换到“GLfloat”，可能丢失数据
G:\项目\MSC project\项目\feather_proj\src\feather.cpp(714,20): warning C4244: “参数”: 从“double”转换到“GLfloat”，可能丢失数据
G:\项目\MSC project\项目\feather_proj\src\feather.cpp(713,30): warning C4244: “参数”: 从“double”转换到“GLfloat”，可能丢失数据
G:\项目\MSC project\项目\feather_proj\src\feather.cpp(715,58): warning C4244: “参数”: 从“double”转换到“GLfloat”，可能丢失数据
G:\项目\MSC project\项目\feather_proj\src\feather.cpp(715,30): warning C4244: “参数”: 从“double”转换到“GLfloat”，可能丢失数据
G:\项目\MSC project\项目\feather_proj\src\feather.cpp(717,53): warning C4244: “参数”: 从“double”转换到“GLfloat”，可能丢失数据
G:\项目\MSC project\项目\feather_proj\src\feather.cpp(717,20): warning C4244: “参数”: 从“double”转换到“GLfloat”，可能丢失数据
G:\项目\MSC project\项目\feather_proj\src\feather.cpp(716,30): warning C4244: “参数”: 从“double”转换到“GLfloat”，可能丢失数据
G:\项目\MSC project\项目\feather_proj\src\feather.cpp(718,58): warning C4244: “参数”: 从“double”转换到“GLfloat”，可能丢失数据
G:\项目\MSC project\项目\feather_proj\src\feather.cpp(718,30): warning C4244: “参数”: 从“double”转换到“GLfloat”，可能丢失数据
G:\项目\MSC project\项目\feather_proj\src\feather.cpp(720,53): warning C4244: “参数”: 从“double”转换到“GLfloat”，可能丢失数据
G:\项目\MSC project\项目\feather_proj\src\feather.cpp(720,20): warning C4244: “参数”: 从“double”转换到“GLfloat”，可能丢失数据
G:\项目\MSC project\项目\feather_proj\src\feather.cpp(719,30): warning C4244: “参数”: 从“double”转换到“GLfloat”，可能丢失数据
G:\项目\MSC project\项目\feather_proj\src\feather.cpp(721,67): warning C4244: “参数”: 从“double”转换到“GLfloat”，可能丢失数据
G:\项目\MSC project\项目\feather_proj\src\feather.cpp(721,36): warning C4244: “参数”: 从“double”转换到“GLfloat”，可能丢失数据
G:\项目\MSC project\项目\feather_proj\src\feather.cpp(727,53): warning C4244: “参数”: 从“double”转换到“GLfloat”，可能丢失数据
G:\项目\MSC project\项目\feather_proj\src\feather.cpp(727,20): warning C4244: “参数”: 从“double”转换到“GLfloat”，可能丢失数据
G:\项目\MSC project\项目\feather_proj\src\feather.cpp(726,30): warning C4244: “参数”: 从“double”转换到“GLfloat”，可能丢失数据
G:\项目\MSC project\项目\feather_proj\src\feather.cpp(728,58): warning C4244: “参数”: 从“double”转换到“GLfloat”，可能丢失数据
G:\项目\MSC project\项目\feather_proj\src\feather.cpp(728,30): warning C4244: “参数”: 从“double”转换到“GLfloat”，可能丢失数据
G:\项目\MSC project\项目\feather_proj\src\feather.cpp(732,53): warning C4244: “参数”: 从“double”转换到“GLfloat”，可能丢失数据
G:\项目\MSC project\项目\feather_proj\src\feather.cpp(732,20): warning C4244: “参数”: 从“double”转换到“GLfloat”，可能丢失数据
G:\项目\MSC project\项目\feather_proj\src\feather.cpp(731,30): warning C4244: “参数”: 从“double”转换到“GLfloat”，可能丢失数据
G:\项目\MSC project\项目\feather_proj\src\feather.cpp(733,67): warning C4244: “参数”: 从“double”转换到“GLfloat”，可能丢失数据
G:\项目\MSC project\项目\feather_proj\src\feather.cpp(733,36): warning C4244: “参数”: 从“double”转换到“GLfloat”，可能丢失数据
G:\项目\MSC project\项目\feather_proj\src\feather.cpp(735,53): warning C4244: “参数”: 从“double”转换到“GLfloat”，可能丢失数据
G:\项目\MSC project\项目\feather_proj\src\feather.cpp(735,20): warning C4244: “参数”: 从“double”转换到“GLfloat”，可能丢失数据
G:\项目\MSC project\项目\feather_proj\src\feather.cpp(734,30): warning C4244: “参数”: 从“double”转换到“GLfloat”，可能丢失数据
G:\项目\MSC project\项目\feather_proj\src\feather.cpp(736,58): warning C4244: “参数”: 从“double”转换到“GLfloat”，可能丢失数据
G:\项目\MSC project\项目\feather_proj\src\feather.cpp(736,30): warning C4244: “参数”: 从“double”转换到“GLfloat”，可能丢失数据
G:\项目\MSC project\项目\feather_proj\src\feather.cpp(740,53): warning C4244: “参数”: 从“double”转换到“GLfloat”，可能丢失数据
G:\项目\MSC project\项目\feather_proj\src\feather.cpp(740,20): warning C4244: “参数”: 从“double”转换到“GLfloat”，可能丢失数据
G:\项目\MSC project\项目\feather_proj\src\feather.cpp(739,30): warning C4244: “参数”: 从“double”转换到“GLfloat”，可能丢失数据
G:\项目\MSC project\项目\feather_proj\src\feather.cpp(741,67): warning C4244: “参数”: 从“double”转换到“GLfloat”，可能丢失数据
G:\项目\MSC project\项目\feather_proj\src\feather.cpp(741,36): warning C4244: “参数”: 从“double”转换到“GLfloat”，可能丢失数据
G:\项目\MSC project\项目\feather_proj\src\feather.cpp(743,53): warning C4244: “参数”: 从“double”转换到“GLfloat”，可能丢失数据
G:\项目\MSC project\项目\feather_proj\src\feather.cpp(743,20): warning C4244: “参数”: 从“double”转换到“GLfloat”，可能丢失数据
G:\项目\MSC project\项目\feather_proj\src\feather.cpp(742,30): warning C4244: “参数”: 从“double”转换到“GLfloat”，可能丢失数据
G:\项目\MSC project\项目\feather_proj\src\feather.cpp(744,67): warning C4244: “参数”: 从“double”转换到“GLfloat”，可能丢失数据
G:\项目\MSC project\项目\feather_proj\src\feather.cpp(744,36): warning C4244: “参数”: 从“double”转换到“GLfloat”，可能丢失数据
G:\项目\MSC project\项目\feather_proj\src\feather.cpp(746,53): warning C4244: “参数”: 从“double”转换到“GLfloat”，可能丢失数据
G:\项目\MSC project\项目\feather_proj\src\feather.cpp(746,20): warning C4244: “参数”: 从“double”转换到“GLfloat”，可能丢失数据
G:\项目\MSC project\项目\feather_proj\src\feather.cpp(745,30): warning C4244: “参数”: 从“double”转换到“GLfloat”，可能丢失数据
G:\项目\MSC project\项目\feather_proj\src\feather.cpp(747,58): warning C4244: “参数”: 从“double”转换到“GLfloat”，可能丢失数据
G:\项目\MSC project\项目\feather_proj\src\feather.cpp(747,30): warning C4244: “参数”: 从“double”转换到“GLfloat”，可能丢失数据
G:\项目\MSC project\项目\feather_proj\src\feather.cpp(749,53): warning C4244: “参数”: 从“double”转换到“GLfloat”，可能丢失数据
G:\项目\MSC project\项目\feather_proj\src\feather.cpp(749,20): warning C4244: “参数”: 从“double”转换到“GLfloat”，可能丢失数据
G:\项目\MSC project\项目\feather_proj\src\feather.cpp(748,30): warning C4244: “参数”: 从“double”转换到“GLfloat”，可能丢失数据
G:\项目\MSC project\项目\feather_proj\src\feather.cpp(750,58): warning C4244: “参数”: 从“double”转换到“GLfloat”，可能丢失数据
G:\项目\MSC project\项目\feather_proj\src\feather.cpp(750,30): warning C4244: “参数”: 从“double”转换到“GLfloat”，可能丢失数据
G:\项目\MSC project\项目\feather_proj\src\feather.cpp(752,53): warning C4244: “参数”: 从“double”转换到“GLfloat”，可能丢失数据
G:\项目\MSC project\项目\feather_proj\src\feather.cpp(752,20): warning C4244: “参数”: 从“double”转换到“GLfloat”，可能丢失数据
G:\项目\MSC project\项目\feather_proj\src\feather.cpp(751,30): warning C4244: “参数”: 从“double”转换到“GLfloat”，可能丢失数据
G:\项目\MSC project\项目\feather_proj\src\feather.cpp(753,67): warning C4244: “参数”: 从“double”转换到“GLfloat”，可能丢失数据
G:\项目\MSC project\项目\feather_proj\src\feather.cpp(753,36): warning C4244: “参数”: 从“double”转换到“GLfloat”，可能丢失数据
G:\项目\MSC project\项目\feather_proj\src\feather.cpp(755,53): warning C4244: “参数”: 从“double”转换到“GLfloat”，可能丢失数据
G:\项目\MSC project\项目\feather_proj\src\feather.cpp(755,20): warning C4244: “参数”: 从“double”转换到“GLfloat”，可能丢失数据
G:\项目\MSC project\项目\feather_proj\src\feather.cpp(754,30): warning C4244: “参数”: 从“double”转换到“GLfloat”，可能丢失数据
G:\项目\MSC project\项目\feather_proj\src\feather.cpp(756,67): warning C4244: “参数”: 从“double”转换到“GLfloat”，可能丢失数据
G:\项目\MSC project\项目\feather_proj\src\feather.cpp(756,36): warning C4244: “参数”: 从“double”转换到“GLfloat”，可能丢失数据
G:\项目\MSC project\项目\feather_proj\src\feather.cpp(758,53): warning C4244: “参数”: 从“double”转换到“GLfloat”，可能丢失数据
G:\项目\MSC project\项目\feather_proj\src\feather.cpp(758,20): warning C4244: “参数”: 从“double”转换到“GLfloat”，可能丢失数据
G:\项目\MSC project\项目\feather_proj\src\feather.cpp(757,30): warning C4244: “参数”: 从“double”转换到“GLfloat”，可能丢失数据
G:\项目\MSC project\项目\feather_proj\src\feather.cpp(759,58): warning C4244: “参数”: 从“double”转换到“GLfloat”，可能丢失数据
G:\项目\MSC project\项目\feather_proj\src\feather.cpp(759,30): warning C4244: “参数”: 从“double”转换到“GLfloat”，可能丢失数据
G:\项目\MSC project\项目\feather_proj\src\feather.cpp(761,53): warning C4244: “参数”: 从“double”转换到“GLfloat”，可能丢失数据
G:\项目\MSC project\项目\feather_proj\src\feather.cpp(761,20): warning C4244: “参数”: 从“double”转换到“GLfloat”，可能丢失数据
G:\项目\MSC project\项目\feather_proj\src\feather.cpp(760,30): warning C4244: “参数”: 从“double”转换到“GLfloat”，可能丢失数据
G:\项目\MSC project\项目\feather_proj\src\feather.cpp(762,58): warning C4244: “参数”: 从“double”转换到“GLfloat”，可能丢失数据
G:\项目\MSC project\项目\feather_proj\src\feather.cpp(762,30): warning C4244: “参数”: 从“double”转换到“GLfloat”，可能丢失数据
G:\项目\MSC project\项目\feather_proj\src\feather.cpp(764,53): warning C4244: “参数”: 从“double”转换到“GLfloat”，可能丢失数据
G:\项目\MSC project\项目\feather_proj\src\feather.cpp(764,20): warning C4244: “参数”: 从“double”转换到“GLfloat”，可能丢失数据
G:\项目\MSC project\项目\feather_proj\src\feather.cpp(763,30): warning C4244: “参数”: 从“double”转换到“GLfloat”，可能丢失数据
G:\项目\MSC project\项目\feather_proj\src\feather.cpp(767,58): warning C4244: “参数”: 从“double”转换到“GLfloat”，可能丢失数据
G:\项目\MSC project\项目\feather_proj\src\feather.cpp(767,30): warning C4244: “参数”: 从“double”转换到“GLfloat”，可能丢失数据
G:\项目\MSC project\项目\feather_proj\src\feather.cpp(769,53): warning C4244: “参数”: 从“double”转换到“GLfloat”，可能丢失数据
G:\项目\MSC project\项目\feather_proj\src\feather.cpp(769,20): warning C4244: “参数”: 从“double”转换到“GLfloat”，可能丢失数据
G:\项目\MSC project\项目\feather_proj\src\feather.cpp(768,30): warning C4244: “参数”: 从“double”转换到“GLfloat”，可能丢失数据
G:\项目\MSC project\项目\feather_proj\src\feather.cpp(772,58): warning C4244: “参数”: 从“double”转换到“GLfloat”，可能丢失数据
G:\项目\MSC project\项目\feather_proj\src\feather.cpp(772,30): warning C4244: “参数”: 从“double”转换到“GLfloat”，可能丢失数据
G:\项目\MSC project\项目\feather_proj\src\feather.cpp(774,53): warning C4244: “参数”: 从“double”转换到“GLfloat”，可能丢失数据
G:\项目\MSC project\项目\feather_proj\src\feather.cpp(774,20): warning C4244: “参数”: 从“double”转换到“GLfloat”，可能丢失数据
G:\项目\MSC project\项目\feather_proj\src\feather.cpp(773,30): warning C4244: “参数”: 从“double”转换到“GLfloat”，可能丢失数据
G:\项目\MSC project\项目\feather_proj\src\feather.cpp(777,67): warning C4244: “参数”: 从“double”转换到“GLfloat”，可能丢失数据
G:\项目\MSC project\项目\feather_proj\src\feather.cpp(777,36): warning C4244: “参数”: 从“double”转换到“GLfloat”，可能丢失数据
G:\项目\MSC project\项目\feather_proj\src\feather.cpp(779,53): warning C4244: “参数”: 从“double”转换到“GLfloat”，可能丢失数据
G:\项目\MSC project\项目\feather_proj\src\feather.cpp(779,20): warning C4244: “参数”: 从“double”转换到“GLfloat”，可能丢失数据
G:\项目\MSC project\项目\feather_proj\src\feather.cpp(778,30): warning C4244: “参数”: 从“double”转换到“GLfloat”，可能丢失数据
G:\项目\MSC project\项目\feather_proj\src\feather.cpp(782,67): warning C4244: “参数”: 从“double”转换到“GLfloat”，可能丢失数据
G:\项目\MSC project\项目\feather_proj\src\feather.cpp(782,36): warning C4244: “参数”: 从“double”转换到“GLfloat”，可能丢失数据
G:\项目\MSC project\项目\feather_proj\src\feather.cpp(784,53): warning C4244: “参数”: 从“double”转换到“GLfloat”，可能丢失数据
G:\项目\MSC project\项目\feather_proj\src\feather.cpp(784,20): warning C4244: “参数”: 从“double”转换到“GLfloat”，可能丢失数据
G:\项目\MSC project\项目\feather_proj\src\feather.cpp(783,30): warning C4244: “参数”: 从“double”转换到“GLfloat”，可能丢失数据
G:\项目\MSC project\项目\feather_proj\src\feather.cpp(787,58): warning C4244: “参数”: 从“double”转换到“GLfloat”，可能丢失数据
G:\项目\MSC project\项目\feather_proj\src\feather.cpp(787,30): warning C4244: “参数”: 从“double”转换到“GLfloat”，可能丢失数据
G:\项目\MSC project\项目\feather_proj\src\feather.cpp(797,53): warning C4244: “参数”: 从“double”转换到“GLfloat”，可能丢失数据
G:\项目\MSC project\项目\feather_proj\src\feather.cpp(797,20): warning C4244: “参数”: 从“double”转换到“GLfloat”，可能丢失数据
G:\项目\MSC project\项目\feather_proj\src\feather.cpp(796,30): warning C4244: “参数”: 从“double”转换到“GLfloat”，可能丢失数据
G:\项目\MSC project\项目\feather_proj\src\feather.cpp(800,67): warning C4244: “参数”: 从“double”转换到“GLfloat”，可能丢失数据
G:\项目\MSC project\项目\feather_proj\src\feather.cpp(800,36): warning C4244: “参数”: 从“double”转换到“GLfloat”，可能丢失数据
G:\项目\MSC project\项目\feather_proj\src\feather.cpp(819,15): warning C4244: “=”: 从“double”转换到“float”，可能丢失数据
G:\项目\MSC project\项目\feather_proj\src\feather.cpp(822,11): warning C4244: “初始化”: 从“double”转换到“float”，可能丢失数据
G:\项目\MSC project\项目\feather_proj\src\feather.cpp(833,49): warning C4244: “参数”: 从“double”转换到“GLfloat”，可能丢失数据
G:\项目\MSC project\项目\feather_proj\src\feather.cpp(833,16): warning C4244: “参数”: 从“double”转换到“GLfloat”，可能丢失数据
G:\项目\MSC project\项目\feather_proj\src\feather.cpp(832,26): warning C4244: “参数”: 从“double”转换到“GLfloat”，可能丢失数据
G:\项目\MSC project\项目\feather_proj\src\feather.cpp(834,58): warning C4244: “参数”: 从“double”转换到“GLfloat”，可能丢失数据
G:\项目\MSC project\项目\feather_proj\src\feather.cpp(834,22): warning C4244: “参数”: 从“double”转换到“GLfloat”，可能丢失数据
G:\项目\MSC project\项目\feather_proj\src\feather.cpp(836,49): warning C4244: “参数”: 从“double”转换到“GLfloat”，可能丢失数据
G:\项目\MSC project\项目\feather_proj\src\feather.cpp(836,16): warning C4244: “参数”: 从“double”转换到“GLfloat”，可能丢失数据
G:\项目\MSC project\项目\feather_proj\src\feather.cpp(835,26): warning C4244: “参数”: 从“double”转换到“GLfloat”，可能丢失数据
G:\项目\MSC project\项目\feather_proj\src\feather.cpp(837,49): warning C4244: “参数”: 从“double”转换到“GLfloat”，可能丢失数据
G:\项目\MSC project\项目\feather_proj\src\feather.cpp(837,19): warning C4244: “参数”: 从“double”转换到“GLfloat”，可能丢失数据
G:\项目\MSC project\项目\feather_proj\src\feather.cpp(841,49): warning C4244: “参数”: 从“double”转换到“GLfloat”，可能丢失数据
G:\项目\MSC project\项目\feather_proj\src\feather.cpp(841,16): warning C4244: “参数”: 从“double”转换到“GLfloat”，可能丢失数据
G:\项目\MSC project\项目\feather_proj\src\feather.cpp(840,26): warning C4244: “参数”: 从“double”转换到“GLfloat”，可能丢失数据
G:\项目\MSC project\项目\feather_proj\src\feather.cpp(842,58): warning C4244: “参数”: 从“double”转换到“GLfloat”，可能丢失数据
G:\项目\MSC project\项目\feather_proj\src\feather.cpp(842,22): warning C4244: “参数”: 从“double”转换到“GLfloat”，可能丢失数据
G:\项目\MSC project\项目\feather_proj\src\feather.cpp(844,53): warning C4244: “参数”: 从“double”转换到“GLfloat”，可能丢失数据
G:\项目\MSC project\项目\feather_proj\src\feather.cpp(844,20): warning C4244: “参数”: 从“double”转换到“GLfloat”，可能丢失数据
G:\项目\MSC project\项目\feather_proj\src\feather.cpp(843,30): warning C4244: “参数”: 从“double”转换到“GLfloat”，可能丢失数据
G:\项目\MSC project\项目\feather_proj\src\feather.cpp(847,62): warning C4244: “参数”: 从“double”转换到“GLfloat”，可能丢失数据
G:\项目\MSC project\项目\feather_proj\src\feather.cpp(847,22): warning C4244: “参数”: 从“double”转换到“GLfloat”，可能丢失数据
G:\项目\MSC project\项目\feather_proj\src\feather.cpp(849,53): warning C4244: “参数”: 从“double”转换到“GLfloat”，可能丢失数据
G:\项目\MSC project\项目\feather_proj\src\feather.cpp(849,20): warning C4244: “参数”: 从“double”转换到“GLfloat”，可能丢失数据
G:\项目\MSC project\项目\feather_proj\src\feather.cpp(848,30): warning C4244: “参数”: 从“double”转换到“GLfloat”，可能丢失数据
G:\项目\MSC project\项目\feather_proj\src\feather.cpp(850,53): warning C4244: “参数”: 从“double”转换到“GLfloat”，可能丢失数据
G:\项目\MSC project\项目\feather_proj\src\feather.cpp(850,19): warning C4244: “参数”: 从“double”转换到“GLfloat”，可能丢失数据
G:\项目\MSC project\项目\feather_proj\src\feather.cpp(852,49): warning C4244: “参数”: 从“double”转换到“GLfloat”，可能丢失数据
G:\项目\MSC project\项目\feather_proj\src\feather.cpp(852,16): warning C4244: “参数”: 从“double”转换到“GLfloat”，可能丢失数据
G:\项目\MSC project\项目\feather_proj\src\feather.cpp(851,26): warning C4244: “参数”: 从“double”转换到“GLfloat”，可能丢失数据
G:\项目\MSC project\项目\feather_proj\src\feather.cpp(853,49): warning C4244: “参数”: 从“double”转换到“GLfloat”，可能丢失数据
G:\项目\MSC project\项目\feather_proj\src\feather.cpp(853,19): warning C4244: “参数”: 从“double”转换到“GLfloat”，可能丢失数据
G:\项目\MSC project\项目\feather_proj\src\feather.cpp(855,53): warning C4244: “参数”: 从“double”转换到“GLfloat”，可能丢失数据
G:\项目\MSC project\项目\feather_proj\src\feather.cpp(855,20): warning C4244: “参数”: 从“double”转换到“GLfloat”，可能丢失数据
G:\项目\MSC project\项目\feather_proj\src\feather.cpp(854,30): warning C4244: “参数”: 从“double”转换到“GLfloat”，可能丢失数据
G:\项目\MSC project\项目\feather_proj\src\feather.cpp(856,62): warning C4244: “参数”: 从“double”转换到“GLfloat”，可能丢失数据
G:\项目\MSC project\项目\feather_proj\src\feather.cpp(856,22): warning C4244: “参数”: 从“double”转换到“GLfloat”，可能丢失数据
G:\项目\MSC project\项目\feather_proj\src\feather.cpp(858,53): warning C4244: “参数”: 从“double”转换到“GLfloat”，可能丢失数据
G:\项目\MSC project\项目\feather_proj\src\feather.cpp(858,20): warning C4244: “参数”: 从“double”转换到“GLfloat”，可能丢失数据
G:\项目\MSC project\项目\feather_proj\src\feather.cpp(857,30): warning C4244: “参数”: 从“double”转换到“GLfloat”，可能丢失数据
G:\项目\MSC project\项目\feather_proj\src\feather.cpp(859,62): warning C4244: “参数”: 从“double”转换到“GLfloat”，可能丢失数据
G:\项目\MSC project\项目\feather_proj\src\feather.cpp(859,22): warning C4244: “参数”: 从“double”转换到“GLfloat”，可能丢失数据
G:\项目\MSC project\项目\feather_proj\src\feather.cpp(861,53): warning C4244: “参数”: 从“double”转换到“GLfloat”，可能丢失数据
G:\项目\MSC project\项目\feather_proj\src\feather.cpp(861,20): warning C4244: “参数”: 从“double”转换到“GLfloat”，可能丢失数据
G:\项目\MSC project\项目\feather_proj\src\feather.cpp(860,30): warning C4244: “参数”: 从“double”转换到“GLfloat”，可能丢失数据
G:\项目\MSC project\项目\feather_proj\src\feather.cpp(862,53): warning C4244: “参数”: 从“double”转换到“GLfloat”，可能丢失数据
G:\项目\MSC project\项目\feather_proj\src\feather.cpp(862,19): warning C4244: “参数”: 从“double”转换到“GLfloat”，可能丢失数据
G:\项目\MSC project\项目\feather_proj\src\feather.cpp(864,53): warning C4244: “参数”: 从“double”转换到“GLfloat”，可能丢失数据
G:\项目\MSC project\项目\feather_proj\src\feather.cpp(864,20): warning C4244: “参数”: 从“double”转换到“GLfloat”，可能丢失数据
G:\项目\MSC project\项目\feather_proj\src\feather.cpp(863,30): warning C4244: “参数”: 从“double”转换到“GLfloat”，可能丢失数据
G:\项目\MSC project\项目\feather_proj\src\feather.cpp(865,53): warning C4244: “参数”: 从“double”转换到“GLfloat”，可能丢失数据
G:\项目\MSC project\项目\feather_proj\src\feather.cpp(865,19): warning C4244: “参数”: 从“double”转换到“GLfloat”，可能丢失数据
G:\项目\MSC project\项目\feather_proj\src\feather.cpp(867,53): warning C4244: “参数”: 从“double”转换到“GLfloat”，可能丢失数据
G:\项目\MSC project\项目\feather_proj\src\feather.cpp(867,20): warning C4244: “参数”: 从“double”转换到“GLfloat”，可能丢失数据
G:\项目\MSC project\项目\feather_proj\src\feather.cpp(866,30): warning C4244: “参数”: 从“double”转换到“GLfloat”，可能丢失数据
G:\项目\MSC project\项目\feather_proj\src\feather.cpp(868,62): warning C4244: “参数”: 从“double”转换到“GLfloat”，可能丢失数据
G:\项目\MSC project\项目\feather_proj\src\feather.cpp(868,22): warning C4244: “参数”: 从“double”转换到“GLfloat”，可能丢失数据
G:\项目\MSC project\项目\feather_proj\src\feather.cpp(870,53): warning C4244: “参数”: 从“double”转换到“GLfloat”，可能丢失数据
G:\项目\MSC project\项目\feather_proj\src\feather.cpp(870,20): warning C4244: “参数”: 从“double”转换到“GLfloat”，可能丢失数据
G:\项目\MSC project\项目\feather_proj\src\feather.cpp(869,30): warning C4244: “参数”: 从“double”转换到“GLfloat”，可能丢失数据
G:\项目\MSC project\项目\feather_proj\src\feather.cpp(871,62): warning C4244: “参数”: 从“double”转换到“GLfloat”，可能丢失数据
G:\项目\MSC project\项目\feather_proj\src\feather.cpp(871,22): warning C4244: “参数”: 从“double”转换到“GLfloat”，可能丢失数据
G:\项目\MSC project\项目\feather_proj\src\feather.cpp(873,53): warning C4244: “参数”: 从“double”转换到“GLfloat”，可能丢失数据
G:\项目\MSC project\项目\feather_proj\src\feather.cpp(873,20): warning C4244: “参数”: 从“double”转换到“GLfloat”，可能丢失数据
G:\项目\MSC project\项目\feather_proj\src\feather.cpp(872,30): warning C4244: “参数”: 从“double”转换到“GLfloat”，可能丢失数据
G:\项目\MSC project\项目\feather_proj\src\feather.cpp(874,53): warning C4244: “参数”: 从“double”转换到“GLfloat”，可能丢失数据
G:\项目\MSC project\项目\feather_proj\src\feather.cpp(874,19): warning C4244: “参数”: 从“double”转换到“GLfloat”，可能丢失数据
G:\项目\MSC project\项目\feather_proj\src\feather.cpp(876,53): warning C4244: “参数”: 从“double”转换到“GLfloat”，可能丢失数据
G:\项目\MSC project\项目\feather_proj\src\feather.cpp(876,20): warning C4244: “参数”: 从“double”转换到“GLfloat”，可能丢失数据
G:\项目\MSC project\项目\feather_proj\src\feather.cpp(875,30): warning C4244: “参数”: 从“double”转换到“GLfloat”，可能丢失数据
G:\项目\MSC project\项目\feather_proj\src\feather.cpp(877,53): warning C4244: “参数”: 从“double”转换到“GLfloat”，可能丢失数据
G:\项目\MSC project\项目\feather_proj\src\feather.cpp(877,19): warning C4244: “参数”: 从“double”转换到“GLfloat”，可能丢失数据
G:\项目\MSC project\项目\feather_proj\src\feather.cpp(879,53): warning C4244: “参数”: 从“double”转换到“GLfloat”，可能丢失数据
G:\项目\MSC project\项目\feather_proj\src\feather.cpp(879,20): warning C4244: “参数”: 从“double”转换到“GLfloat”，可能丢失数据
G:\项目\MSC project\项目\feather_proj\src\feather.cpp(878,30): warning C4244: “参数”: 从“double”转换到“GLfloat”，可能丢失数据
G:\项目\MSC project\项目\feather_proj\src\feather.cpp(880,62): warning C4244: “参数”: 从“double”转换到“GLfloat”，可能丢失数据
G:\项目\MSC project\项目\feather_proj\src\feather.cpp(880,22): warning C4244: “参数”: 从“double”转换到“GLfloat”，可能丢失数据
G:\项目\MSC project\项目\feather_proj\src\feather.cpp(886,53): warning C4244: “参数”: 从“double”转换到“GLfloat”，可能丢失数据
G:\项目\MSC project\项目\feather_proj\src\feather.cpp(886,20): warning C4244: “参数”: 从“double”转换到“GLfloat”，可能丢失数据
G:\项目\MSC project\项目\feather_proj\src\feather.cpp(885,30): warning C4244: “参数”: 从“double”转换到“GLfloat”，可能丢失数据
G:\项目\MSC project\项目\feather_proj\src\feather.cpp(887,53): warning C4244: “参数”: 从“double”转换到“GLfloat”，可能丢失数据
G:\项目\MSC project\项目\feather_proj\src\feather.cpp(887,19): warning C4244: “参数”: 从“double”转换到“GLfloat”，可能丢失数据
G:\项目\MSC project\项目\feather_proj\src\feather.cpp(893,53): warning C4244: “参数”: 从“double”转换到“GLfloat”，可能丢失数据
G:\项目\MSC project\项目\feather_proj\src\feather.cpp(893,20): warning C4244: “参数”: 从“double”转换到“GLfloat”，可能丢失数据
G:\项目\MSC project\项目\feather_proj\src\feather.cpp(892,30): warning C4244: “参数”: 从“double”转换到“GLfloat”，可能丢失数据
G:\项目\MSC project\项目\feather_proj\src\feather.cpp(894,62): warning C4244: “参数”: 从“double”转换到“GLfloat”，可能丢失数据
G:\项目\MSC project\项目\feather_proj\src\feather.cpp(894,22): warning C4244: “参数”: 从“double”转换到“GLfloat”，可能丢失数据
G:\项目\MSC project\项目\feather_proj\src\feather.cpp(896,53): warning C4244: “参数”: 从“double”转换到“GLfloat”，可能丢失数据
G:\项目\MSC project\项目\feather_proj\src\feather.cpp(896,20): warning C4244: “参数”: 从“double”转换到“GLfloat”，可能丢失数据
G:\项目\MSC project\项目\feather_proj\src\feather.cpp(895,30): warning C4244: “参数”: 从“double”转换到“GLfloat”，可能丢失数据
G:\项目\MSC project\项目\feather_proj\src\feather.cpp(897,53): warning C4244: “参数”: 从“double”转换到“GLfloat”，可能丢失数据
G:\项目\MSC project\项目\feather_proj\src\feather.cpp(897,19): warning C4244: “参数”: 从“double”转换到“GLfloat”，可能丢失数据
G:\项目\MSC project\项目\feather_proj\src\feather.cpp(901,53): warning C4244: “参数”: 从“double”转换到“GLfloat”，可能丢失数据
G:\项目\MSC project\项目\feather_proj\src\feather.cpp(901,20): warning C4244: “参数”: 从“double”转换到“GLfloat”，可能丢失数据
G:\项目\MSC project\项目\feather_proj\src\feather.cpp(900,30): warning C4244: “参数”: 从“double”转换到“GLfloat”，可能丢失数据
G:\项目\MSC project\项目\feather_proj\src\feather.cpp(902,62): warning C4244: “参数”: 从“double”转换到“GLfloat”，可能丢失数据
G:\项目\MSC project\项目\feather_proj\src\feather.cpp(902,22): warning C4244: “参数”: 从“double”转换到“GLfloat”，可能丢失数据
G:\项目\MSC project\项目\feather_proj\src\feather.cpp(904,53): warning C4244: “参数”: 从“double”转换到“GLfloat”，可能丢失数据
G:\项目\MSC project\项目\feather_proj\src\feather.cpp(904,20): warning C4244: “参数”: 从“double”转换到“GLfloat”，可能丢失数据
G:\项目\MSC project\项目\feather_proj\src\feather.cpp(903,30): warning C4244: “参数”: 从“double”转换到“GLfloat”，可能丢失数据
G:\项目\MSC project\项目\feather_proj\src\feather.cpp(905,62): warning C4244: “参数”: 从“double”转换到“GLfloat”，可能丢失数据
G:\项目\MSC project\项目\feather_proj\src\feather.cpp(905,22): warning C4244: “参数”: 从“double”转换到“GLfloat”，可能丢失数据
G:\项目\MSC project\项目\feather_proj\src\feather.cpp(907,53): warning C4244: “参数”: 从“double”转换到“GLfloat”，可能丢失数据
G:\项目\MSC project\项目\feather_proj\src\feather.cpp(907,20): warning C4244: “参数”: 从“double”转换到“GLfloat”，可能丢失数据
G:\项目\MSC project\项目\feather_proj\src\feather.cpp(906,30): warning C4244: “参数”: 从“double”转换到“GLfloat”，可能丢失数据
G:\项目\MSC project\项目\feather_proj\src\feather.cpp(908,53): warning C4244: “参数”: 从“double”转换到“GLfloat”，可能丢失数据
G:\项目\MSC project\项目\feather_proj\src\feather.cpp(908,19): warning C4244: “参数”: 从“double”转换到“GLfloat”，可能丢失数据
G:\项目\MSC project\项目\feather_proj\src\feather.cpp(910,53): warning C4244: “参数”: 从“double”转换到“GLfloat”，可能丢失数据
G:\项目\MSC project\项目\feather_proj\src\feather.cpp(910,20): warning C4244: “参数”: 从“double”转换到“GLfloat”，可能丢失数据
G:\项目\MSC project\项目\feather_proj\src\feather.cpp(909,30): warning C4244: “参数”: 从“double”转换到“GLfloat”，可能丢失数据
G:\项目\MSC project\项目\feather_proj\src\feather.cpp(911,53): warning C4244: “参数”: 从“double”转换到“GLfloat”，可能丢失数据
G:\项目\MSC project\项目\feather_proj\src\feather.cpp(911,19): warning C4244: “参数”: 从“double”转换到“GLfloat”，可能丢失数据
G:\项目\MSC project\项目\feather_proj\src\feather.cpp(913,53): warning C4244: “参数”: 从“double”转换到“GLfloat”，可能丢失数据
G:\项目\MSC project\项目\feather_proj\src\feather.cpp(913,20): warning C4244: “参数”: 从“double”转换到“GLfloat”，可能丢失数据
G:\项目\MSC project\项目\feather_proj\src\feather.cpp(912,30): warning C4244: “参数”: 从“double”转换到“GLfloat”，可能丢失数据
G:\项目\MSC project\项目\feather_proj\src\feather.cpp(914,62): warning C4244: “参数”: 从“double”转换到“GLfloat”，可能丢失数据
G:\项目\MSC project\项目\feather_proj\src\feather.cpp(914,22): warning C4244: “参数”: 从“double”转换到“GLfloat”，可能丢失数据
G:\项目\MSC project\项目\feather_proj\src\feather.cpp(916,53): warning C4244: “参数”: 从“double”转换到“GLfloat”，可能丢失数据
G:\项目\MSC project\项目\feather_proj\src\feather.cpp(916,20): warning C4244: “参数”: 从“double”转换到“GLfloat”，可能丢失数据
G:\项目\MSC project\项目\feather_proj\src\feather.cpp(915,30): warning C4244: “参数”: 从“double”转换到“GLfloat”，可能丢失数据
G:\项目\MSC project\项目\feather_proj\src\feather.cpp(917,62): warning C4244: “参数”: 从“double”转换到“GLfloat”，可能丢失数据
G:\项目\MSC project\项目\feather_proj\src\feather.cpp(917,22): warning C4244: “参数”: 从“double”转换到“GLfloat”，可能丢失数据
G:\项目\MSC project\项目\feather_proj\src\feather.cpp(919,53): warning C4244: “参数”: 从“double”转换到“GLfloat”，可能丢失数据
G:\项目\MSC project\项目\feather_proj\src\feather.cpp(919,20): warning C4244: “参数”: 从“double”转换到“GLfloat”，可能丢失数据
G:\项目\MSC project\项目\feather_proj\src\feather.cpp(918,30): warning C4244: “参数”: 从“double”转换到“GLfloat”，可能丢失数据
G:\项目\MSC project\项目\feather_proj\src\feather.cpp(920,53): warning C4244: “参数”: 从“double”转换到“GLfloat”，可能丢失数据
G:\项目\MSC project\项目\feather_proj\src\feather.cpp(920,19): warning C4244: “参数”: 从“double”转换到“GLfloat”，可能丢失数据
G:\项目\MSC project\项目\feather_proj\src\feather.cpp(922,53): warning C4244: “参数”: 从“double”转换到“GLfloat”，可能丢失数据
G:\项目\MSC project\项目\feather_proj\src\feather.cpp(922,20): warning C4244: “参数”: 从“double”转换到“GLfloat”，可能丢失数据
G:\项目\MSC project\项目\feather_proj\src\feather.cpp(921,30): warning C4244: “参数”: 从“double”转换到“GLfloat”，可能丢失数据
G:\项目\MSC project\项目\feather_proj\src\feather.cpp(923,53): warning C4244: “参数”: 从“double”转换到“GLfloat”，可能丢失数据
G:\项目\MSC project\项目\feather_proj\src\feather.cpp(923,19): warning C4244: “参数”: 从“double”转换到“GLfloat”，可能丢失数据
G:\项目\MSC project\项目\feather_proj\src\feather.cpp(925,53): warning C4244: “参数”: 从“double”转换到“GLfloat”，可能丢失数据
G:\项目\MSC project\项目\feather_proj\src\feather.cpp(925,20): warning C4244: “参数”: 从“double”转换到“GLfloat”，可能丢失数据
G:\项目\MSC project\项目\feather_proj\src\feather.cpp(924,30): warning C4244: “参数”: 从“double”转换到“GLfloat”，可能丢失数据
G:\项目\MSC project\项目\feather_proj\src\feather.cpp(926,62): warning C4244: “参数”: 从“double”转换到“GLfloat”，可能丢失数据
G:\项目\MSC project\项目\feather_proj\src\feather.cpp(926,22): warning C4244: “参数”: 从“double”转换到“GLfloat”，可能丢失数据
G:\项目\MSC project\项目\feather_proj\src\feather.cpp(928,53): warning C4244: “参数”: 从“double”转换到“GLfloat”，可能丢失数据
G:\项目\MSC project\项目\feather_proj\src\feather.cpp(928,20): warning C4244: “参数”: 从“double”转换到“GLfloat”，可能丢失数据
G:\项目\MSC project\项目\feather_proj\src\feather.cpp(927,30): warning C4244: “参数”: 从“double”转换到“GLfloat”，可能丢失数据
G:\项目\MSC project\项目\feather_proj\src\feather.cpp(929,62): warning C4244: “参数”: 从“double”转换到“GLfloat”，可能丢失数据
G:\项目\MSC project\项目\feather_proj\src\feather.cpp(929,22): warning C4244: “参数”: 从“double”转换到“GLfloat”，可能丢失数据
G:\项目\MSC project\项目\feather_proj\src\feather.cpp(931,53): warning C4244: “参数”: 从“double”转换到“GLfloat”，可能丢失数据
G:\项目\MSC project\项目\feather_proj\src\feather.cpp(931,20): warning C4244: “参数”: 从“double”转换到“GLfloat”，可能丢失数据
G:\项目\MSC project\项目\feather_proj\src\feather.cpp(930,30): warning C4244: “参数”: 从“double”转换到“GLfloat”，可能丢失数据
G:\项目\MSC project\项目\feather_proj\src\feather.cpp(932,53): warning C4244: “参数”: 从“double”转换到“GLfloat”，可能丢失数据
G:\项目\MSC project\项目\feather_proj\src\feather.cpp(932,19): warning C4244: “参数”: 从“double”转换到“GLfloat”，可能丢失数据
G:\项目\MSC project\项目\feather_proj\src\feather.cpp(934,53): warning C4244: “参数”: 从“double”转换到“GLfloat”，可能丢失数据
G:\项目\MSC project\项目\feather_proj\src\feather.cpp(934,20): warning C4244: “参数”: 从“double”转换到“GLfloat”，可能丢失数据
G:\项目\MSC project\项目\feather_proj\src\feather.cpp(933,30): warning C4244: “参数”: 从“double”转换到“GLfloat”，可能丢失数据
G:\项目\MSC project\项目\feather_proj\src\feather.cpp(935,53): warning C4244: “参数”: 从“double”转换到“GLfloat”，可能丢失数据
G:\项目\MSC project\项目\feather_proj\src\feather.cpp(935,19): warning C4244: “参数”: 从“double”转换到“GLfloat”，可能丢失数据
G:\项目\MSC project\项目\feather_proj\src\feather.cpp(937,53): warning C4244: “参数”: 从“double”转换到“GLfloat”，可能丢失数据
G:\项目\MSC project\项目\feather_proj\src\feather.cpp(937,20): warning C4244: “参数”: 从“double”转换到“GLfloat”，可能丢失数据
G:\项目\MSC project\项目\feather_proj\src\feather.cpp(936,30): warning C4244: “参数”: 从“double”转换到“GLfloat”，可能丢失数据
G:\项目\MSC project\项目\feather_proj\src\feather.cpp(938,62): warning C4244: “参数”: 从“double”转换到“GLfloat”，可能丢失数据
G:\项目\MSC project\项目\feather_proj\src\feather.cpp(938,22): warning C4244: “参数”: 从“double”转换到“GLfloat”，可能丢失数据
G:\项目\MSC project\项目\feather_proj\src\feather.cpp(944,53): warning C4244: “参数”: 从“double”转换到“GLfloat”，可能丢失数据
G:\项目\MSC project\项目\feather_proj\src\feather.cpp(944,20): warning C4244: “参数”: 从“double”转换到“GLfloat”，可能丢失数据
G:\项目\MSC project\项目\feather_proj\src\feather.cpp(943,30): warning C4244: “参数”: 从“double”转换到“GLfloat”，可能丢失数据
G:\项目\MSC project\项目\feather_proj\src\feather.cpp(945,53): warning C4244: “参数”: 从“double”转换到“GLfloat”，可能丢失数据
G:\项目\MSC project\项目\feather_proj\src\feather.cpp(945,19): warning C4244: “参数”: 从“double”转换到“GLfloat”，可能丢失数据
  feather.vcxproj -> G:\项目\MSC project\项目\feather_proj\feather.exe
